This file contains any messages produced by compilers while
running configure, to aid debugging if configure makes a mistake.

It was created by htop configure 2.1.0, which was
generated by GNU Autoconf 2.69.  Invocation command line was

  $ ./configure --build=aarch64-linux-gnu --prefix=/usr --includedir=${prefix}/include --mandir=${prefix}/share/man --infodir=${prefix}/share/info --sysconfdir=/etc --localstatedir=/var --disable-silent-rules --libdir=${prefix}/lib/aarch64-linux-gnu --libexecdir=${prefix}/lib/aarch64-linux-gnu --runstatedir=/run --disable-maintainer-mode --disable-dependency-tracking --enable-taskstats --enable-openvz --enable-vserver --enable-cgroup --enable-unicode --enable-linux-affinity

## --------- ##
## Platform. ##
## --------- ##

hostname = nanopi-k1-plus
uname -m = aarch64
uname -r = 4.17.0-rc6-h5
uname -s = Linux
uname -v = #2 SMP Thu May 24 18:40:40 -03 2018

/usr/bin/uname -p = unknown
/bin/uname -X     = unknown

/bin/arch              = unknown
/usr/bin/arch -k       = unknown
/usr/convex/getsysinfo = unknown
/usr/bin/hostinfo      = unknown
/bin/machine           = unknown
/usr/bin/oslevel       = unknown
/bin/universe          = unknown

PATH: /usr/local/sbin
PATH: /usr/local/bin
PATH: /usr/sbin
PATH: /usr/bin
PATH: /sbin
PATH: /bin
PATH: /usr/games
PATH: /usr/local/games


## ----------- ##
## Core tests. ##
## ----------- ##

configure:2342: checking build system type
configure:2356: result: aarch64-unknown-linux-gnu
configure:2376: checking host system type
configure:2389: result: aarch64-unknown-linux-gnu
configure:2409: checking target system type
configure:2422: result: aarch64-unknown-linux-gnu
configure:2465: checking for a BSD-compatible install
configure:2533: result: /usr/bin/install -c
configure:2544: checking whether build environment is sane
configure:2599: result: yes
configure:2750: checking for a thread-safe mkdir -p
configure:2789: result: /bin/mkdir -p
configure:2796: checking for gawk
configure:2826: result: no
configure:2796: checking for mawk
configure:2812: found /usr/bin/mawk
configure:2823: result: mawk
configure:2834: checking whether make sets $(MAKE)
configure:2856: result: yes
configure:2885: checking whether make supports nested variables
configure:2902: result: yes
configure:3079: checking for gcc
configure:3095: found /usr/bin/gcc
configure:3106: result: gcc
configure:3335: checking for C compiler version
configure:3344: gcc --version >&5
gcc (Ubuntu/Linaro 7.3.0-16ubuntu3) 7.3.0
Copyright (C) 2017 Free Software Foundation, Inc.
This is free software; see the source for copying conditions.  There is NO
warranty; not even for MERCHANTABILITY or FITNESS FOR A PARTICULAR PURPOSE.

configure:3355: $? = 0
configure:3344: gcc -v >&5
Using built-in specs.
COLLECT_GCC=gcc
COLLECT_LTO_WRAPPER=/usr/lib/gcc/aarch64-linux-gnu/7/lto-wrapper
Target: aarch64-linux-gnu
Configured with: ../src/configure -v --with-pkgversion='Ubuntu/Linaro 7.3.0-16ubuntu3' --with-bugurl=file:///usr/share/doc/gcc-7/README.Bugs --enable-languages=c,ada,c++,go,d,fortran,objc,obj-c++ --prefix=/usr --with-gcc-major-version-only --with-as=/usr/bin/aarch64-linux-gnu-as --with-ld=/usr/bin/aarch64-linux-gnu-ld --program-suffix=-7 --program-prefix=aarch64-linux-gnu- --enable-shared --enable-linker-build-id --libexecdir=/usr/lib --without-included-gettext --enable-threads=posix --libdir=/usr/lib --enable-nls --with-sysroot=/ --enable-clocale=gnu --enable-libstdcxx-debug --enable-libstdcxx-time=yes --with-default-libstdcxx-abi=new --enable-gnu-unique-object --disable-libquadmath --disable-libquadmath-support --enable-plugin --enable-default-pie --with-system-zlib --enable-multiarch --enable-fix-cortex-a53-843419 --disable-werror --enable-checking=release --build=aarch64-linux-gnu --host=aarch64-linux-gnu --target=aarch64-linux-gnu
Thread model: posix
gcc version 7.3.0 (Ubuntu/Linaro 7.3.0-16ubuntu3) 
configure:3355: $? = 0
configure:3344: gcc -V >&5
gcc: error: unrecognized command line option '-V'
gcc: fatal error: no input files
compilation terminated.
configure:3355: $? = 1
configure:3344: gcc -qversion >&5
gcc: error: unrecognized command line option '-qversion'; did you mean '--version'?
gcc: fatal error: no input files
compilation terminated.
configure:3355: $? = 1
configure:3375: checking whether the C compiler works
configure:3397: gcc -g -O2 -fdebug-prefix-map=/home/ubuntu/htop/htop-2.1.0=. -fstack-protector-strong -Wformat -Werror=format-security -Wdate-time -D_FORTIFY_SOURCE=2 -Wl,-Bsymbolic-functions -Wl,-z,relro -Wl,-z,now conftest.c  >&5
configure:3401: $? = 0
configure:3449: result: yes
configure:3452: checking for C compiler default output file name
configure:3454: result: a.out
configure:3460: checking for suffix of executables
configure:3467: gcc -o conftest -g -O2 -fdebug-prefix-map=/home/ubuntu/htop/htop-2.1.0=. -fstack-protector-strong -Wformat -Werror=format-security -Wdate-time -D_FORTIFY_SOURCE=2 -Wl,-Bsymbolic-functions -Wl,-z,relro -Wl,-z,now conftest.c  >&5
configure:3471: $? = 0
configure:3493: result: 
configure:3515: checking whether we are cross compiling
configure:3523: gcc -o conftest -g -O2 -fdebug-prefix-map=/home/ubuntu/htop/htop-2.1.0=. -fstack-protector-strong -Wformat -Werror=format-security -Wdate-time -D_FORTIFY_SOURCE=2 -Wl,-Bsymbolic-functions -Wl,-z,relro -Wl,-z,now conftest.c  >&5
configure:3527: $? = 0
configure:3534: ./conftest
configure:3538: $? = 0
configure:3553: result: no
configure:3558: checking for suffix of object files
configure:3580: gcc -c -g -O2 -fdebug-prefix-map=/home/ubuntu/htop/htop-2.1.0=. -fstack-protector-strong -Wformat -Werror=format-security -Wdate-time -D_FORTIFY_SOURCE=2 conftest.c >&5
configure:3584: $? = 0
configure:3605: result: o
configure:3609: checking whether we are using the GNU C compiler
configure:3628: gcc -c -g -O2 -fdebug-prefix-map=/home/ubuntu/htop/htop-2.1.0=. -fstack-protector-strong -Wformat -Werror=format-security -Wdate-time -D_FORTIFY_SOURCE=2 conftest.c >&5
configure:3628: $? = 0
configure:3637: result: yes
configure:3646: checking whether gcc accepts -g
configure:3666: gcc -c -g -Wdate-time -D_FORTIFY_SOURCE=2 conftest.c >&5
configure:3666: $? = 0
configure:3707: result: yes
configure:3724: checking for gcc option to accept ISO C89
configure:3787: gcc  -c -g -O2 -fdebug-prefix-map=/home/ubuntu/htop/htop-2.1.0=. -fstack-protector-strong -Wformat -Werror=format-security -Wdate-time -D_FORTIFY_SOURCE=2 conftest.c >&5
configure:3787: $? = 0
configure:3800: result: none needed
configure:3825: checking whether gcc understands -c and -o together
configure:3847: gcc -c conftest.c -o conftest2.o
configure:3850: $? = 0
configure:3847: gcc -c conftest.c -o conftest2.o
configure:3850: $? = 0
configure:3862: result: yes
configure:3890: checking for style of include used by make
configure:3918: result: GNU
configure:3944: checking dependency style of gcc
configure:4055: result: none
configure:4079: checking how to run the C preprocessor
configure:4110: gcc -E -Wdate-time -D_FORTIFY_SOURCE=2 conftest.c
configure:4110: $? = 0
configure:4124: gcc -E -Wdate-time -D_FORTIFY_SOURCE=2 conftest.c
conftest.c:11:10: fatal error: ac_nonexistent.h: No such file or directory
 #include <ac_nonexistent.h>
          ^~~~~~~~~~~~~~~~~~
compilation terminated.
configure:4124: $? = 1
configure: failed program was:
| /* confdefs.h */
| #define PACKAGE_NAME "htop"
| #define PACKAGE_TARNAME "htop"
| #define PACKAGE_VERSION "2.1.0"
| #define PACKAGE_STRING "htop 2.1.0"
| #define PACKAGE_BUGREPORT "hisham@gobolinux.org"
| #define PACKAGE_URL ""
| #define PACKAGE "htop"
| #define VERSION "2.1.0"
| /* end confdefs.h.  */
| #include <ac_nonexistent.h>
configure:4149: result: gcc -E
configure:4169: gcc -E -Wdate-time -D_FORTIFY_SOURCE=2 conftest.c
configure:4169: $? = 0
configure:4183: gcc -E -Wdate-time -D_FORTIFY_SOURCE=2 conftest.c
conftest.c:11:10: fatal error: ac_nonexistent.h: No such file or directory
 #include <ac_nonexistent.h>
          ^~~~~~~~~~~~~~~~~~
compilation terminated.
configure:4183: $? = 1
configure: failed program was:
| /* confdefs.h */
| #define PACKAGE_NAME "htop"
| #define PACKAGE_TARNAME "htop"
| #define PACKAGE_VERSION "2.1.0"
| #define PACKAGE_STRING "htop 2.1.0"
| #define PACKAGE_BUGREPORT "hisham@gobolinux.org"
| #define PACKAGE_URL ""
| #define PACKAGE "htop"
| #define VERSION "2.1.0"
| /* end confdefs.h.  */
| #include <ac_nonexistent.h>
configure:4212: checking for grep that handles long lines and -e
configure:4270: result: /bin/grep
configure:4275: checking for egrep
configure:4337: result: /bin/grep -E
configure:4342: checking for ANSI C header files
configure:4362: gcc -c -g -O2 -fdebug-prefix-map=/home/ubuntu/htop/htop-2.1.0=. -fstack-protector-strong -Wformat -Werror=format-security -Wdate-time -D_FORTIFY_SOURCE=2 conftest.c >&5
configure:4362: $? = 0
configure:4435: gcc -o conftest -g -O2 -fdebug-prefix-map=/home/ubuntu/htop/htop-2.1.0=. -fstack-protector-strong -Wformat -Werror=format-security -Wdate-time -D_FORTIFY_SOURCE=2 -Wl,-Bsymbolic-functions -Wl,-z,relro -Wl,-z,now conftest.c  >&5
configure:4435: $? = 0
configure:4435: ./conftest
configure:4435: $? = 0
configure:4446: result: yes
configure:4459: checking for sys/types.h
configure:4459: gcc -c -g -O2 -fdebug-prefix-map=/home/ubuntu/htop/htop-2.1.0=. -fstack-protector-strong -Wformat -Werror=format-security -Wdate-time -D_FORTIFY_SOURCE=2 conftest.c >&5
configure:4459: $? = 0
configure:4459: result: yes
configure:4459: checking for sys/stat.h
configure:4459: gcc -c -g -O2 -fdebug-prefix-map=/home/ubuntu/htop/htop-2.1.0=. -fstack-protector-strong -Wformat -Werror=format-security -Wdate-time -D_FORTIFY_SOURCE=2 conftest.c >&5
configure:4459: $? = 0
configure:4459: result: yes
configure:4459: checking for stdlib.h
configure:4459: gcc -c -g -O2 -fdebug-prefix-map=/home/ubuntu/htop/htop-2.1.0=. -fstack-protector-strong -Wformat -Werror=format-security -Wdate-time -D_FORTIFY_SOURCE=2 conftest.c >&5
configure:4459: $? = 0
configure:4459: result: yes
configure:4459: checking for string.h
configure:4459: gcc -c -g -O2 -fdebug-prefix-map=/home/ubuntu/htop/htop-2.1.0=. -fstack-protector-strong -Wformat -Werror=format-security -Wdate-time -D_FORTIFY_SOURCE=2 conftest.c >&5
configure:4459: $? = 0
configure:4459: result: yes
configure:4459: checking for memory.h
configure:4459: gcc -c -g -O2 -fdebug-prefix-map=/home/ubuntu/htop/htop-2.1.0=. -fstack-protector-strong -Wformat -Werror=format-security -Wdate-time -D_FORTIFY_SOURCE=2 conftest.c >&5
configure:4459: $? = 0
configure:4459: result: yes
configure:4459: checking for strings.h
configure:4459: gcc -c -g -O2 -fdebug-prefix-map=/home/ubuntu/htop/htop-2.1.0=. -fstack-protector-strong -Wformat -Werror=format-security -Wdate-time -D_FORTIFY_SOURCE=2 conftest.c >&5
configure:4459: $? = 0
configure:4459: result: yes
configure:4459: checking for inttypes.h
configure:4459: gcc -c -g -O2 -fdebug-prefix-map=/home/ubuntu/htop/htop-2.1.0=. -fstack-protector-strong -Wformat -Werror=format-security -Wdate-time -D_FORTIFY_SOURCE=2 conftest.c >&5
configure:4459: $? = 0
configure:4459: result: yes
configure:4459: checking for stdint.h
configure:4459: gcc -c -g -O2 -fdebug-prefix-map=/home/ubuntu/htop/htop-2.1.0=. -fstack-protector-strong -Wformat -Werror=format-security -Wdate-time -D_FORTIFY_SOURCE=2 conftest.c >&5
configure:4459: $? = 0
configure:4459: result: yes
configure:4459: checking for unistd.h
configure:4459: gcc -c -g -O2 -fdebug-prefix-map=/home/ubuntu/htop/htop-2.1.0=. -fstack-protector-strong -Wformat -Werror=format-security -Wdate-time -D_FORTIFY_SOURCE=2 conftest.c >&5
configure:4459: $? = 0
configure:4459: result: yes
configure:4472: checking minix/config.h usability
configure:4472: gcc -c -g -O2 -fdebug-prefix-map=/home/ubuntu/htop/htop-2.1.0=. -fstack-protector-strong -Wformat -Werror=format-security -Wdate-time -D_FORTIFY_SOURCE=2 conftest.c >&5
conftest.c:54:10: fatal error: minix/config.h: No such file or directory
 #include <minix/config.h>
          ^~~~~~~~~~~~~~~~
compilation terminated.
configure:4472: $? = 1
configure: failed program was:
| /* confdefs.h */
| #define PACKAGE_NAME "htop"
| #define PACKAGE_TARNAME "htop"
| #define PACKAGE_VERSION "2.1.0"
| #define PACKAGE_STRING "htop 2.1.0"
| #define PACKAGE_BUGREPORT "hisham@gobolinux.org"
| #define PACKAGE_URL ""
| #define PACKAGE "htop"
| #define VERSION "2.1.0"
| #define STDC_HEADERS 1
| #define HAVE_SYS_TYPES_H 1
| #define HAVE_SYS_STAT_H 1
| #define HAVE_STDLIB_H 1
| #define HAVE_STRING_H 1
| #define HAVE_MEMORY_H 1
| #define HAVE_STRINGS_H 1
| #define HAVE_INTTYPES_H 1
| #define HAVE_STDINT_H 1
| #define HAVE_UNISTD_H 1
| /* end confdefs.h.  */
| #include <stdio.h>
| #ifdef HAVE_SYS_TYPES_H
| # include <sys/types.h>
| #endif
| #ifdef HAVE_SYS_STAT_H
| # include <sys/stat.h>
| #endif
| #ifdef STDC_HEADERS
| # include <stdlib.h>
| # include <stddef.h>
| #else
| # ifdef HAVE_STDLIB_H
| #  include <stdlib.h>
| # endif
| #endif
| #ifdef HAVE_STRING_H
| # if !defined STDC_HEADERS && defined HAVE_MEMORY_H
| #  include <memory.h>
| # endif
| # include <string.h>
| #endif
| #ifdef HAVE_STRINGS_H
| # include <strings.h>
| #endif
| #ifdef HAVE_INTTYPES_H
| # include <inttypes.h>
| #endif
| #ifdef HAVE_STDINT_H
| # include <stdint.h>
| #endif
| #ifdef HAVE_UNISTD_H
| # include <unistd.h>
| #endif
| #include <minix/config.h>
configure:4472: result: no
configure:4472: checking minix/config.h presence
configure:4472: gcc -E -Wdate-time -D_FORTIFY_SOURCE=2 conftest.c
conftest.c:21:10: fatal error: minix/config.h: No such file or directory
 #include <minix/config.h>
          ^~~~~~~~~~~~~~~~
compilation terminated.
configure:4472: $? = 1
configure: failed program was:
| /* confdefs.h */
| #define PACKAGE_NAME "htop"
| #define PACKAGE_TARNAME "htop"
| #define PACKAGE_VERSION "2.1.0"
| #define PACKAGE_STRING "htop 2.1.0"
| #define PACKAGE_BUGREPORT "hisham@gobolinux.org"
| #define PACKAGE_URL ""
| #define PACKAGE "htop"
| #define VERSION "2.1.0"
| #define STDC_HEADERS 1
| #define HAVE_SYS_TYPES_H 1
| #define HAVE_SYS_STAT_H 1
| #define HAVE_STDLIB_H 1
| #define HAVE_STRING_H 1
| #define HAVE_MEMORY_H 1
| #define HAVE_STRINGS_H 1
| #define HAVE_INTTYPES_H 1
| #define HAVE_STDINT_H 1
| #define HAVE_UNISTD_H 1
| /* end confdefs.h.  */
| #include <minix/config.h>
configure:4472: result: no
configure:4472: checking for minix/config.h
configure:4472: result: no
configure:4493: checking whether it is safe to define __EXTENSIONS__
configure:4511: gcc -c -g -O2 -fdebug-prefix-map=/home/ubuntu/htop/htop-2.1.0=. -fstack-protector-strong -Wformat -Werror=format-security -Wdate-time -D_FORTIFY_SOURCE=2 conftest.c >&5
configure:4511: $? = 0
configure:4518: result: yes
configure:4558: checking for ceil in -lm
configure:4583: gcc -o conftest -g -O2 -fdebug-prefix-map=/home/ubuntu/htop/htop-2.1.0=. -fstack-protector-strong -Wformat -Werror=format-security -Wdate-time -D_FORTIFY_SOURCE=2 -Wl,-Bsymbolic-functions -Wl,-z,relro -Wl,-z,now conftest.c -lm   >&5
conftest.c:33:6: warning: conflicting types for built-in function 'ceil' [-Wbuiltin-declaration-mismatch]
 char ceil ();
      ^~~~
configure:4583: $? = 0
configure:4592: result: yes
configure:4611: checking for dirent.h that defines DIR
configure:4630: gcc -c -g -O2 -fdebug-prefix-map=/home/ubuntu/htop/htop-2.1.0=. -fstack-protector-strong -Wformat -Werror=format-security -Wdate-time -D_FORTIFY_SOURCE=2 conftest.c >&5
configure:4630: $? = 0
configure:4638: result: yes
configure:4651: checking for library containing opendir
configure:4682: gcc -o conftest -g -O2 -fdebug-prefix-map=/home/ubuntu/htop/htop-2.1.0=. -fstack-protector-strong -Wformat -Werror=format-security -Wdate-time -D_FORTIFY_SOURCE=2 -Wl,-Bsymbolic-functions -Wl,-z,relro -Wl,-z,now conftest.c -lm  >&5
configure:4682: $? = 0
configure:4699: result: none required
configure:4766: checking for ANSI C header files
configure:4870: result: yes
configure:4881: checking for stdlib.h
configure:4881: result: yes
configure:4881: checking for string.h
configure:4881: result: yes
configure:4881: checking for strings.h
configure:4881: result: yes
configure:4881: checking sys/param.h usability
configure:4881: gcc -c -g -O2 -fdebug-prefix-map=/home/ubuntu/htop/htop-2.1.0=. -fstack-protector-strong -Wformat -Werror=format-security -Wdate-time -D_FORTIFY_SOURCE=2 conftest.c >&5
configure:4881: $? = 0
configure:4881: result: yes
configure:4881: checking sys/param.h presence
configure:4881: gcc -E -Wdate-time -D_FORTIFY_SOURCE=2 conftest.c
configure:4881: $? = 0
configure:4881: result: yes
configure:4881: checking for sys/param.h
configure:4881: result: yes
configure:4881: checking sys/time.h usability
configure:4881: gcc -c -g -O2 -fdebug-prefix-map=/home/ubuntu/htop/htop-2.1.0=. -fstack-protector-strong -Wformat -Werror=format-security -Wdate-time -D_FORTIFY_SOURCE=2 conftest.c >&5
configure:4881: $? = 0
configure:4881: result: yes
configure:4881: checking sys/time.h presence
configure:4881: gcc -E -Wdate-time -D_FORTIFY_SOURCE=2 conftest.c
configure:4881: $? = 0
configure:4881: result: yes
configure:4881: checking for sys/time.h
configure:4881: result: yes
configure:4881: checking for unistd.h
configure:4881: result: yes
configure:4897: checking execinfo.h usability
configure:4897: gcc -c -g -O2 -fdebug-prefix-map=/home/ubuntu/htop/htop-2.1.0=. -fstack-protector-strong -Wformat -Werror=format-security -Wdate-time -D_FORTIFY_SOURCE=2 conftest.c >&5
configure:4897: $? = 0
configure:4897: result: yes
configure:4897: checking execinfo.h presence
configure:4897: gcc -E -Wdate-time -D_FORTIFY_SOURCE=2 conftest.c
configure:4897: $? = 0
configure:4897: result: yes
configure:4897: checking for execinfo.h
configure:4897: result: yes
configure:4912: checking for stdbool.h that conforms to C99
configure:4979: gcc -c -g -O2 -fdebug-prefix-map=/home/ubuntu/htop/htop-2.1.0=. -fstack-protector-strong -Wformat -Werror=format-security -Wdate-time -D_FORTIFY_SOURCE=2 conftest.c >&5
configure:4979: $? = 0
configure:4986: result: yes
configure:4988: checking for _Bool
configure:4988: gcc -c -g -O2 -fdebug-prefix-map=/home/ubuntu/htop/htop-2.1.0=. -fstack-protector-strong -Wformat -Werror=format-security -Wdate-time -D_FORTIFY_SOURCE=2 conftest.c >&5
configure:4988: $? = 0
configure:4988: gcc -c -g -O2 -fdebug-prefix-map=/home/ubuntu/htop/htop-2.1.0=. -fstack-protector-strong -Wformat -Werror=format-security -Wdate-time -D_FORTIFY_SOURCE=2 conftest.c >&5
conftest.c: In function 'main':
conftest.c:72:20: error: expected expression before ')' token
 if (sizeof ((_Bool)))
                    ^
configure:4988: $? = 1
configure: failed program was:
| /* confdefs.h */
| #define PACKAGE_NAME "htop"
| #define PACKAGE_TARNAME "htop"
| #define PACKAGE_VERSION "2.1.0"
| #define PACKAGE_STRING "htop 2.1.0"
| #define PACKAGE_BUGREPORT "hisham@gobolinux.org"
| #define PACKAGE_URL ""
| #define PACKAGE "htop"
| #define VERSION "2.1.0"
| #define STDC_HEADERS 1
| #define HAVE_SYS_TYPES_H 1
| #define HAVE_SYS_STAT_H 1
| #define HAVE_STDLIB_H 1
| #define HAVE_STRING_H 1
| #define HAVE_MEMORY_H 1
| #define HAVE_STRINGS_H 1
| #define HAVE_INTTYPES_H 1
| #define HAVE_STDINT_H 1
| #define HAVE_UNISTD_H 1
| #define __EXTENSIONS__ 1
| #define _ALL_SOURCE 1
| #define _GNU_SOURCE 1
| #define _POSIX_PTHREAD_SEMANTICS 1
| #define _TANDEM_SOURCE 1
| #define HAVE_LIBM 1
| #define HAVE_DIRENT_H 1
| #define STDC_HEADERS 1
| #define HAVE_STDLIB_H 1
| #define HAVE_STRING_H 1
| #define HAVE_STRINGS_H 1
| #define HAVE_SYS_PARAM_H 1
| #define HAVE_SYS_TIME_H 1
| #define HAVE_UNISTD_H 1
| #define HAVE_EXECINFO_H 1
| /* end confdefs.h.  */
| #include <stdio.h>
| #ifdef HAVE_SYS_TYPES_H
| # include <sys/types.h>
| #endif
| #ifdef HAVE_SYS_STAT_H
| # include <sys/stat.h>
| #endif
| #ifdef STDC_HEADERS
| # include <stdlib.h>
| # include <stddef.h>
| #else
| # ifdef HAVE_STDLIB_H
| #  include <stdlib.h>
| # endif
| #endif
| #ifdef HAVE_STRING_H
| # if !defined STDC_HEADERS && defined HAVE_MEMORY_H
| #  include <memory.h>
| # endif
| # include <string.h>
| #endif
| #ifdef HAVE_STRINGS_H
| # include <strings.h>
| #endif
| #ifdef HAVE_INTTYPES_H
| # include <inttypes.h>
| #endif
| #ifdef HAVE_STDINT_H
| # include <stdint.h>
| #endif
| #ifdef HAVE_UNISTD_H
| # include <unistd.h>
| #endif
| int
| main ()
| {
| if (sizeof ((_Bool)))
| 	    return 0;
|   ;
|   return 0;
| }
configure:4988: result: yes
configure:5005: checking for an ANSI C-conforming const
configure:5071: gcc -c -g -O2 -fdebug-prefix-map=/home/ubuntu/htop/htop-2.1.0=. -fstack-protector-strong -Wformat -Werror=format-security -Wdate-time -D_FORTIFY_SOURCE=2 conftest.c >&5
configure:5071: $? = 0
configure:5078: result: yes
configure:5086: checking for pid_t
configure:5086: gcc -c -g -O2 -fdebug-prefix-map=/home/ubuntu/htop/htop-2.1.0=. -fstack-protector-strong -Wformat -Werror=format-security -Wdate-time -D_FORTIFY_SOURCE=2 conftest.c >&5
configure:5086: $? = 0
configure:5086: gcc -c -g -O2 -fdebug-prefix-map=/home/ubuntu/htop/htop-2.1.0=. -fstack-protector-strong -Wformat -Werror=format-security -Wdate-time -D_FORTIFY_SOURCE=2 conftest.c >&5
conftest.c: In function 'main':
conftest.c:74:20: error: expected expression before ')' token
 if (sizeof ((pid_t)))
                    ^
configure:5086: $? = 1
configure: failed program was:
| /* confdefs.h */
| #define PACKAGE_NAME "htop"
| #define PACKAGE_TARNAME "htop"
| #define PACKAGE_VERSION "2.1.0"
| #define PACKAGE_STRING "htop 2.1.0"
| #define PACKAGE_BUGREPORT "hisham@gobolinux.org"
| #define PACKAGE_URL ""
| #define PACKAGE "htop"
| #define VERSION "2.1.0"
| #define STDC_HEADERS 1
| #define HAVE_SYS_TYPES_H 1
| #define HAVE_SYS_STAT_H 1
| #define HAVE_STDLIB_H 1
| #define HAVE_STRING_H 1
| #define HAVE_MEMORY_H 1
| #define HAVE_STRINGS_H 1
| #define HAVE_INTTYPES_H 1
| #define HAVE_STDINT_H 1
| #define HAVE_UNISTD_H 1
| #define __EXTENSIONS__ 1
| #define _ALL_SOURCE 1
| #define _GNU_SOURCE 1
| #define _POSIX_PTHREAD_SEMANTICS 1
| #define _TANDEM_SOURCE 1
| #define HAVE_LIBM 1
| #define HAVE_DIRENT_H 1
| #define STDC_HEADERS 1
| #define HAVE_STDLIB_H 1
| #define HAVE_STRING_H 1
| #define HAVE_STRINGS_H 1
| #define HAVE_SYS_PARAM_H 1
| #define HAVE_SYS_TIME_H 1
| #define HAVE_UNISTD_H 1
| #define HAVE_EXECINFO_H 1
| #define HAVE__BOOL 1
| #define HAVE_STDBOOL_H 1
| /* end confdefs.h.  */
| #include <stdio.h>
| #ifdef HAVE_SYS_TYPES_H
| # include <sys/types.h>
| #endif
| #ifdef HAVE_SYS_STAT_H
| # include <sys/stat.h>
| #endif
| #ifdef STDC_HEADERS
| # include <stdlib.h>
| # include <stddef.h>
| #else
| # ifdef HAVE_STDLIB_H
| #  include <stdlib.h>
| # endif
| #endif
| #ifdef HAVE_STRING_H
| # if !defined STDC_HEADERS && defined HAVE_MEMORY_H
| #  include <memory.h>
| # endif
| # include <string.h>
| #endif
| #ifdef HAVE_STRINGS_H
| # include <strings.h>
| #endif
| #ifdef HAVE_INTTYPES_H
| # include <inttypes.h>
| #endif
| #ifdef HAVE_STDINT_H
| # include <stdint.h>
| #endif
| #ifdef HAVE_UNISTD_H
| # include <unistd.h>
| #endif
| int
| main ()
| {
| if (sizeof ((pid_t)))
| 	    return 0;
|   ;
|   return 0;
| }
configure:5086: result: yes
configure:5097: checking for uid_t in sys/types.h
configure:5116: result: yes
configure:5130: checking whether closedir returns void
configure:5154: gcc -o conftest -g -O2 -fdebug-prefix-map=/home/ubuntu/htop/htop-2.1.0=. -fstack-protector-strong -Wformat -Werror=format-security -Wdate-time -D_FORTIFY_SOURCE=2 -Wl,-Bsymbolic-functions -Wl,-z,relro -Wl,-z,now conftest.c -lm  >&5
configure:5154: $? = 0
configure:5154: ./conftest
configure:5154: $? = 0
configure:5164: result: no
configure:5172: checking return type of signal handlers
configure:5190: gcc -c -g -O2 -fdebug-prefix-map=/home/ubuntu/htop/htop-2.1.0=. -fstack-protector-strong -Wformat -Werror=format-security -Wdate-time -D_FORTIFY_SOURCE=2 conftest.c >&5
conftest.c: In function 'main':
conftest.c:44:10: error: void value not ignored as it ought to be
 return *(signal (0, 0)) (0) == 1;
         ~^~~~~~~~~~~~~~~~~~
configure:5190: $? = 1
configure: failed program was:
| /* confdefs.h */
| #define PACKAGE_NAME "htop"
| #define PACKAGE_TARNAME "htop"
| #define PACKAGE_VERSION "2.1.0"
| #define PACKAGE_STRING "htop 2.1.0"
| #define PACKAGE_BUGREPORT "hisham@gobolinux.org"
| #define PACKAGE_URL ""
| #define PACKAGE "htop"
| #define VERSION "2.1.0"
| #define STDC_HEADERS 1
| #define HAVE_SYS_TYPES_H 1
| #define HAVE_SYS_STAT_H 1
| #define HAVE_STDLIB_H 1
| #define HAVE_STRING_H 1
| #define HAVE_MEMORY_H 1
| #define HAVE_STRINGS_H 1
| #define HAVE_INTTYPES_H 1
| #define HAVE_STDINT_H 1
| #define HAVE_UNISTD_H 1
| #define __EXTENSIONS__ 1
| #define _ALL_SOURCE 1
| #define _GNU_SOURCE 1
| #define _POSIX_PTHREAD_SEMANTICS 1
| #define _TANDEM_SOURCE 1
| #define HAVE_LIBM 1
| #define HAVE_DIRENT_H 1
| #define STDC_HEADERS 1
| #define HAVE_STDLIB_H 1
| #define HAVE_STRING_H 1
| #define HAVE_STRINGS_H 1
| #define HAVE_SYS_PARAM_H 1
| #define HAVE_SYS_TIME_H 1
| #define HAVE_UNISTD_H 1
| #define HAVE_EXECINFO_H 1
| #define HAVE__BOOL 1
| #define HAVE_STDBOOL_H 1
| /* end confdefs.h.  */
| #include <sys/types.h>
| #include <signal.h>
| 
| int
| main ()
| {
| return *(signal (0, 0)) (0) == 1;
|   ;
|   return 0;
| }
configure:5197: result: void
configure:5205: checking whether lstat correctly handles trailing slash
configure:5231: gcc -o conftest -g -O2 -fdebug-prefix-map=/home/ubuntu/htop/htop-2.1.0=. -fstack-protector-strong -Wformat -Werror=format-security -Wdate-time -D_FORTIFY_SOURCE=2 -Wl,-Bsymbolic-functions -Wl,-z,relro -Wl,-z,now conftest.c -lm  >&5
configure:5231: $? = 0
configure:5231: ./conftest
configure:5231: $? = 0
configure:5248: result: yes
configure:5267: checking whether stat accepts an empty string
configure:5287: gcc -o conftest -g -O2 -fdebug-prefix-map=/home/ubuntu/htop/htop-2.1.0=. -fstack-protector-strong -Wformat -Werror=format-security -Wdate-time -D_FORTIFY_SOURCE=2 -Wl,-Bsymbolic-functions -Wl,-z,relro -Wl,-z,now conftest.c -lm  >&5
configure:5287: $? = 0
configure:5287: ./conftest
configure:5287: $? = 0
configure:5297: result: no
configure:5316: checking for memmove
configure:5316: gcc -o conftest -g -O2 -fdebug-prefix-map=/home/ubuntu/htop/htop-2.1.0=. -fstack-protector-strong -Wformat -Werror=format-security -Wdate-time -D_FORTIFY_SOURCE=2 -Wl,-Bsymbolic-functions -Wl,-z,relro -Wl,-z,now conftest.c -lm  >&5
conftest.c:63:6: warning: conflicting types for built-in function 'memmove' [-Wbuiltin-declaration-mismatch]
 char memmove ();
      ^~~~~~~
configure:5316: $? = 0
configure:5316: result: yes
configure:5316: checking for strncasecmp
configure:5316: gcc -o conftest -g -O2 -fdebug-prefix-map=/home/ubuntu/htop/htop-2.1.0=. -fstack-protector-strong -Wformat -Werror=format-security -Wdate-time -D_FORTIFY_SOURCE=2 -Wl,-Bsymbolic-functions -Wl,-z,relro -Wl,-z,now conftest.c -lm  >&5
conftest.c:64:6: warning: conflicting types for built-in function 'strncasecmp' [-Wbuiltin-declaration-mismatch]
 char strncasecmp ();
      ^~~~~~~~~~~
configure:5316: $? = 0
configure:5316: result: yes
configure:5316: checking for strstr
configure:5316: gcc -o conftest -g -O2 -fdebug-prefix-map=/home/ubuntu/htop/htop-2.1.0=. -fstack-protector-strong -Wformat -Werror=format-security -Wdate-time -D_FORTIFY_SOURCE=2 -Wl,-Bsymbolic-functions -Wl,-z,relro -Wl,-z,now conftest.c -lm  >&5
conftest.c:65:6: warning: conflicting types for built-in function 'strstr' [-Wbuiltin-declaration-mismatch]
 char strstr ();
      ^~~~~~
configure:5316: $? = 0
configure:5316: result: yes
configure:5316: checking for strdup
configure:5316: gcc -o conftest -g -O2 -fdebug-prefix-map=/home/ubuntu/htop/htop-2.1.0=. -fstack-protector-strong -Wformat -Werror=format-security -Wdate-time -D_FORTIFY_SOURCE=2 -Wl,-Bsymbolic-functions -Wl,-z,relro -Wl,-z,now conftest.c -lm  >&5
conftest.c:66:6: warning: conflicting types for built-in function 'strdup' [-Wbuiltin-declaration-mismatch]
 char strdup ();
      ^~~~~~
configure:5316: $? = 0
configure:5316: result: yes
configure:5328: checking whether gcc -std=c99 option works
configure:5341: gcc -c -g -O2 -fdebug-prefix-map=/home/ubuntu/htop/htop-2.1.0=. -fstack-protector-strong -Wformat -Werror=format-security -std=c99 -Wdate-time -D_FORTIFY_SOURCE=2 conftest.c >&5
configure:5341: $? = 0
configure:5342: result: yes
configure:5352: checking if compiler supports -Wextra
configure:5365: gcc -c -g -O2 -fdebug-prefix-map=/home/ubuntu/htop/htop-2.1.0=. -fstack-protector-strong -Wformat -Werror=format-security -Wextra -Wdate-time -D_FORTIFY_SOURCE=2 conftest.c >&5
configure:5365: $? = 0
configure:5368: result: yes
configure:5683: checking for addnwstr in -lncursesw
configure:5708: gcc -o conftest -g -O2 -fdebug-prefix-map=/home/ubuntu/htop/htop-2.1.0=. -fstack-protector-strong -Wformat -Werror=format-security -Wdate-time -D_FORTIFY_SOURCE=2 -lncursesw -ltinfo -Wl,-Bsymbolic-functions -Wl,-z,relro -Wl,-z,now conftest.c -lncursesw  -lm  >&5
configure:5708: $? = 0
configure:5717: result: yes
configure:5950: checking ncursesw/curses.h usability
configure:5950: gcc -c -g -O2 -fdebug-prefix-map=/home/ubuntu/htop/htop-2.1.0=. -fstack-protector-strong -Wformat -Werror=format-security -Wdate-time -D_FORTIFY_SOURCE=2 conftest.c >&5
configure:5950: $? = 0
configure:5950: result: yes
configure:5950: checking ncursesw/curses.h presence
configure:5950: gcc -E -Wdate-time -D_FORTIFY_SOURCE=2 conftest.c
configure:5950: $? = 0
configure:5950: result: yes
configure:5950: checking for ncursesw/curses.h
configure:5950: result: yes
configure:6388: checking for usable sched_setaffinity
configure:6416: gcc -o conftest -g -O2 -fdebug-prefix-map=/home/ubuntu/htop/htop-2.1.0=. -fstack-protector-strong -Wformat -Werror=format-security -Wdate-time -D_FORTIFY_SOURCE=2 -Wl,-Bsymbolic-functions -Wl,-z,relro -Wl,-z,now conftest.c -lncursesw -ltinfo -lm   >&5
configure:6416: $? = 0
configure:6416: ./conftest
configure:6416: $? = 0
configure:6417: result: yes
configure:6977: checking that generated files are newer than configure
configure:6983: result: done
configure:7030: creating ./config.status

## ---------------------- ##
## Running config.status. ##
## ---------------------- ##

This file was extended by htop config.status 2.1.0, which was
generated by GNU Autoconf 2.69.  Invocation command line was

  CONFIG_FILES    = 
  CONFIG_HEADERS  = 
  CONFIG_LINKS    = 
  CONFIG_COMMANDS = 
  $ ./config.status 

on nanopi-k1-plus

config.status:919: creating Makefile
config.status:919: creating htop.1
config.status:919: creating config.h
config.status:1148: executing depfiles commands
configure:8343: WARNING: unrecognized options: --disable-maintainer-mode

## ---------------- ##
## Cache variables. ##
## ---------------- ##

ac_cv_build=aarch64-unknown-linux-gnu
ac_cv_c_compiler_gnu=yes
ac_cv_c_const=yes
ac_cv_env_CC_set=
ac_cv_env_CC_value=
ac_cv_env_CFLAGS_set=set
ac_cv_env_CFLAGS_value='-g -O2 -fdebug-prefix-map=/home/ubuntu/htop/htop-2.1.0=. -fstack-protector-strong -Wformat -Werror=format-security'
ac_cv_env_CPPFLAGS_set=set
ac_cv_env_CPPFLAGS_value='-Wdate-time -D_FORTIFY_SOURCE=2'
ac_cv_env_CPP_set=
ac_cv_env_CPP_value=
ac_cv_env_LDFLAGS_set=set
ac_cv_env_LDFLAGS_value='-Wl,-Bsymbolic-functions -Wl,-z,relro -Wl,-z,now'
ac_cv_env_LIBNL3GENL_CFLAGS_set=
ac_cv_env_LIBNL3GENL_CFLAGS_value=
ac_cv_env_LIBNL3GENL_LIBS_set=
ac_cv_env_LIBNL3GENL_LIBS_value=
ac_cv_env_LIBNL3_CFLAGS_set=
ac_cv_env_LIBNL3_CFLAGS_value=
ac_cv_env_LIBNL3_LIBS_set=
ac_cv_env_LIBNL3_LIBS_value=
ac_cv_env_LIBS_set=
ac_cv_env_LIBS_value=
ac_cv_env_PKG_CONFIG_LIBDIR_set=
ac_cv_env_PKG_CONFIG_LIBDIR_value=
ac_cv_env_PKG_CONFIG_PATH_set=
ac_cv_env_PKG_CONFIG_PATH_value=
ac_cv_env_PKG_CONFIG_set=
ac_cv_env_PKG_CONFIG_value=
ac_cv_env_build_alias_set=set
ac_cv_env_build_alias_value=aarch64-linux-gnu
ac_cv_env_host_alias_set=
ac_cv_env_host_alias_value=
ac_cv_env_target_alias_set=
ac_cv_env_target_alias_value=
ac_cv_func_closedir_void=no
ac_cv_func_lstat_dereferences_slashed_symlink=yes
ac_cv_func_memmove=yes
ac_cv_func_stat_empty_string_bug=no
ac_cv_func_strdup=yes
ac_cv_func_strncasecmp=yes
ac_cv_func_strstr=yes
ac_cv_header_dirent_dirent_h=yes
ac_cv_header_execinfo_h=yes
ac_cv_header_inttypes_h=yes
ac_cv_header_memory_h=yes
ac_cv_header_minix_config_h=no
ac_cv_header_ncursesw_curses_h=yes
ac_cv_header_stdbool_h=yes
ac_cv_header_stdc=yes
ac_cv_header_stdint_h=yes
ac_cv_header_stdlib_h=yes
ac_cv_header_string_h=yes
ac_cv_header_strings_h=yes
ac_cv_header_sys_param_h=yes
ac_cv_header_sys_stat_h=yes
ac_cv_header_sys_time_h=yes
ac_cv_header_sys_types_h=yes
ac_cv_header_unistd_h=yes
ac_cv_host=aarch64-unknown-linux-gnu
ac_cv_lib_m_ceil=yes
ac_cv_lib_ncursesw_addnwstr=yes
ac_cv_objext=o
ac_cv_path_EGREP='/bin/grep -E'
ac_cv_path_GREP=/bin/grep
ac_cv_path_install='/usr/bin/install -c'
ac_cv_path_mkdir=/bin/mkdir
ac_cv_prog_AWK=mawk
ac_cv_prog_CPP='gcc -E'
ac_cv_prog_ac_ct_CC=gcc
ac_cv_prog_cc_c89=
ac_cv_prog_cc_g=yes
ac_cv_prog_make_make_set=yes
ac_cv_safe_to_define___extensions__=yes
ac_cv_search_opendir='none required'
ac_cv_target=aarch64-unknown-linux-gnu
ac_cv_type__Bool=yes
ac_cv_type_pid_t=yes
ac_cv_type_signal=void
ac_cv_type_uid_t=yes
am_cv_CC_dependencies_compiler_type=none
am_cv_make_support_nested_variables=yes
am_cv_prog_cc_c_o=yes

## ----------------- ##
## Output variables. ##
## ----------------- ##

ACLOCAL='${SHELL} /home/ubuntu/htop/htop-2.1.0/missing aclocal-1.15'
AMDEPBACKSLASH=''
AMDEP_FALSE=''
AMDEP_TRUE='#'
AMTAR='$${TAR-tar}'
AM_BACKSLASH='\'
AM_DEFAULT_V='$(AM_DEFAULT_VERBOSITY)'
AM_DEFAULT_VERBOSITY='1'
AM_V='$(V)'
AUTOCONF='${SHELL} /home/ubuntu/htop/htop-2.1.0/missing autoconf'
AUTOHEADER='${SHELL} /home/ubuntu/htop/htop-2.1.0/missing autoheader'
AUTOMAKE='${SHELL} /home/ubuntu/htop/htop-2.1.0/missing automake-1.15'
AWK='mawk'
CC='gcc'
CCDEPMODE='depmode=none'
CFLAGS='-g -O2 -fdebug-prefix-map=/home/ubuntu/htop/htop-2.1.0=. -fstack-protector-strong -Wformat -Werror=format-security'
CPP='gcc -E'
CPPFLAGS='-Wdate-time -D_FORTIFY_SOURCE=2'
CYGPATH_W='echo'
DEFS='-DHAVE_CONFIG_H'
DEPDIR='.deps'
ECHO_C=''
ECHO_N='-n'
ECHO_T=''
EGREP='/bin/grep -E'
EXEEXT=''
GREP='/bin/grep'
HTOP_DARWIN_FALSE=''
HTOP_DARWIN_TRUE='#'
HTOP_DRAGONFLYBSD_FALSE=''
HTOP_DRAGONFLYBSD_TRUE='#'
HTOP_FREEBSD_FALSE=''
HTOP_FREEBSD_TRUE='#'
HTOP_LINUX_FALSE='#'
HTOP_LINUX_TRUE=''
HTOP_OPENBSD_FALSE=''
HTOP_OPENBSD_TRUE='#'
HTOP_UNSUPPORTED_FALSE=''
HTOP_UNSUPPORTED_TRUE='#'
INSTALL_DATA='${INSTALL} -m 644'
INSTALL_PROGRAM='${INSTALL}'
INSTALL_SCRIPT='${INSTALL}'
INSTALL_STRIP_PROGRAM='$(install_sh) -c -s'
LDFLAGS='-Wl,-Bsymbolic-functions -Wl,-z,relro -Wl,-z,now'
LIBNL3GENL_CFLAGS=''
LIBNL3GENL_LIBS=''
LIBNL3_CFLAGS=''
LIBNL3_LIBS=''
LIBOBJS=''
LIBS='-lncursesw -ltinfo -lm  '
LTLIBOBJS=''
MAKEINFO='${SHELL} /home/ubuntu/htop/htop-2.1.0/missing makeinfo'
MKDIR_P='/bin/mkdir -p'
OBJEXT='o'
PACKAGE='htop'
PACKAGE_BUGREPORT='hisham@gobolinux.org'
PACKAGE_NAME='htop'
PACKAGE_STRING='htop 2.1.0'
PACKAGE_TARNAME='htop'
PACKAGE_URL=''
PACKAGE_VERSION='2.1.0'
PATH_SEPARATOR=':'
PKG_CONFIG=''
PKG_CONFIG_LIBDIR=''
PKG_CONFIG_PATH=''
SET_MAKE=''
SHELL='/bin/bash'
STRIP=''
VERSION='2.1.0'
ac_ct_CC='gcc'
am__EXEEXT_FALSE=''
am__EXEEXT_TRUE='#'
am__fastdepCC_FALSE=''
am__fastdepCC_TRUE='#'
am__include='include'
am__isrc=''
am__leading_dot='.'
am__nodep=''
am__quote=''
am__tar='$${TAR-tar} chof - "$$tardir"'
am__untar='$${TAR-tar} xf -'
bindir='${exec_prefix}/bin'
build='aarch64-unknown-linux-gnu'
build_alias='aarch64-linux-gnu'
build_cpu='aarch64'
build_os='linux-gnu'
build_vendor='unknown'
datadir='${datarootdir}'
datarootdir='${prefix}/share'
docdir='${datarootdir}/doc/${PACKAGE_TARNAME}'
dvidir='${docdir}'
exec_prefix='${prefix}'
host='aarch64-unknown-linux-gnu'
host_alias=''
host_cpu='aarch64'
host_os='linux-gnu'
host_vendor='unknown'
htmldir='${docdir}'
includedir='${prefix}/include'
infodir='${prefix}/share/info'
install_sh='${SHELL} /home/ubuntu/htop/htop-2.1.0/install-sh'
libdir='${prefix}/lib/aarch64-linux-gnu'
libexecdir='${prefix}/lib/aarch64-linux-gnu'
localedir='${datarootdir}/locale'
localstatedir='/var'
mandir='${prefix}/share/man'
mkdir_p='$(MKDIR_P)'
my_htop_platform='linux'
oldincludedir='/usr/include'
pdfdir='${docdir}'
prefix='/usr'
program_transform_name='s,x,x,'
psdir='${docdir}'
runstatedir='/run'
sbindir='${exec_prefix}/sbin'
sharedstatedir='${prefix}/com'
sysconfdir='/etc'
target='aarch64-unknown-linux-gnu'
target_alias=''
target_cpu='aarch64'
target_os='linux-gnu'
target_vendor='unknown'
wextra_flag='-Wextra'

## ----------- ##
## confdefs.h. ##
## ----------- ##

/* confdefs.h */
#define PACKAGE_NAME "htop"
#define PACKAGE_TARNAME "htop"
#define PACKAGE_VERSION "2.1.0"
#define PACKAGE_STRING "htop 2.1.0"
#define PACKAGE_BUGREPORT "hisham@gobolinux.org"
#define PACKAGE_URL ""
#define PACKAGE "htop"
#define VERSION "2.1.0"
#define STDC_HEADERS 1
#define HAVE_SYS_TYPES_H 1
#define HAVE_SYS_STAT_H 1
#define HAVE_STDLIB_H 1
#define HAVE_STRING_H 1
#define HAVE_MEMORY_H 1
#define HAVE_STRINGS_H 1
#define HAVE_INTTYPES_H 1
#define HAVE_STDINT_H 1
#define HAVE_UNISTD_H 1
#define __EXTENSIONS__ 1
#define _ALL_SOURCE 1
#define _GNU_SOURCE 1
#define _POSIX_PTHREAD_SEMANTICS 1
#define _TANDEM_SOURCE 1
#define HAVE_LIBM 1
#define HAVE_DIRENT_H 1
#define STDC_HEADERS 1
#define HAVE_STDLIB_H 1
#define HAVE_STRING_H 1
#define HAVE_STRINGS_H 1
#define HAVE_SYS_PARAM_H 1
#define HAVE_SYS_TIME_H 1
#define HAVE_UNISTD_H 1
#define HAVE_EXECINFO_H 1
#define HAVE__BOOL 1
#define HAVE_STDBOOL_H 1
#define RETSIGTYPE void
#define LSTAT_FOLLOWS_SLASHED_SYMLINK 1
#define HAVE_MEMMOVE 1
#define HAVE_STRNCASECMP 1
#define HAVE_STRSTR 1
#define HAVE_STRDUP 1
#define PROCDIR "/proc"
#define HAVE_OPENVZ 1
#define HAVE_CGROUP 1
#define HAVE_VSERVER 1
#define HAVE_TASKSTATS 1
#define HAVE_LIBNCURSESW 1
#define HAVE_NCURSESW_CURSES_H 1
#define HAVE_LINUX_AFFINITY 1
#define COPYRIGHT "(C) 2004-2018 Hisham Muhammad"

configure: exit 0

## ---------------------- ##
## Running config.status. ##
## ---------------------- ##

This file was extended by htop config.status 2.1.0, which was
generated by GNU Autoconf 2.69.  Invocation command line was

  CONFIG_FILES    = 
  CONFIG_HEADERS  = 
  CONFIG_LINKS    = 
  CONFIG_COMMANDS = 
  $ ./config.status Makefile depfiles

on nanopi-k1-plus

config.status:919: creating Makefile
config.status:1148: executing depfiles commands
